TN:
SF:src/app.js
FN:5,build
FN:8,(anonymous_1)
FN:15,(anonymous_2)
FNF:3
FNH:3
FNDA:3,build
FNDA:1,(anonymous_1)
FNDA:12,(anonymous_2)
DA:2,3
DA:3,3
DA:6,3
DA:8,3
DA:9,1
DA:15,3
DA:16,12
DA:19,3
DA:22,3
LF:9
LH:9
BRDA:5,0,0,3
BRF:1
BRH:1
end_of_record
TN:
SF:src/player/controller/playerController.js
FN:4,(anonymous_0)
FN:10,(anonymous_1)
FNF:2
FNH:2
FNDA:1,(anonymous_0)
FNDA:1,(anonymous_1)
DA:1,3
DA:4,3
DA:5,1
DA:6,1
DA:7,1
DA:10,3
DA:11,1
DA:12,1
DA:13,1
DA:18,3
LF:10
LH:10
BRF:0
BRH:0
end_of_record
TN:
SF:src/player/schema/playerSchema.js
FNF:0
FNH:0
DA:1,3
LF:1
LH:1
BRF:0
BRH:0
end_of_record
TN:
SF:src/player/services/playerService.js
FN:3,getDetailPlayer
FN:8,createPlayer
FNF:2
FNH:2
FNDA:2,getDetailPlayer
FNDA:2,createPlayer
DA:1,3
DA:4,2
DA:5,2
DA:9,2
DA:11,3
LF:5
LH:5
BRF:0
BRH:0
end_of_record
TN:
SF:src/repository/playerRepo.js
FN:4,(anonymous_0)
FN:5,(anonymous_1)
FN:8,(anonymous_2)
FN:9,(anonymous_3)
FN:12,(anonymous_4)
FNF:5
FNH:5
FNDA:3,(anonymous_0)
FNDA:3,(anonymous_1)
FNDA:3,(anonymous_2)
FNDA:1,(anonymous_3)
FNDA:4,(anonymous_4)
DA:1,3
DA:3,3
DA:5,3
DA:6,3
DA:9,3
DA:10,3
DA:13,4
DA:14,4
DA:18,4
DA:25,3
LF:10
LH:10
BRF:0
BRH:0
end_of_record
TN:
SF:src/repository/teamRepo.js
FN:4,(anonymous_0)
FN:5,(anonymous_1)
FN:8,(anonymous_2)
FNF:3
FNH:3
FNDA:4,(anonymous_0)
FNDA:4,(anonymous_1)
FNDA:3,(anonymous_2)
DA:1,3
DA:3,3
DA:5,4
DA:6,4
DA:9,3
DA:10,3
DA:14,3
DA:21,3
LF:8
LH:8
BRF:0
BRH:0
end_of_record
TN:
SF:src/routes/index.js
FNF:0
FNH:0
DA:1,3
DA:2,3
DA:5,3
DA:8,3
DA:10,3
DA:34,3
LF:6
LH:6
BRF:0
BRH:0
end_of_record
TN:
SF:src/team/controller/teamController.js
FN:4,(anonymous_0)
FN:10,(anonymous_1)
FNF:2
FNH:2
FNDA:2,(anonymous_0)
FNDA:1,(anonymous_1)
DA:1,3
DA:4,3
DA:5,2
DA:6,2
DA:7,2
DA:10,3
DA:11,1
DA:12,1
DA:13,1
DA:18,3
LF:10
LH:10
BRF:0
BRH:0
end_of_record
TN:
SF:src/team/schema/teamSchema.js
FNF:0
FNH:0
DA:1,3
LF:1
LH:1
BRF:0
BRH:0
end_of_record
TN:
SF:src/team/services/teamService.js
FN:5,getDetailTeam
FN:15,createTeam
FNF:2
FNH:2
FNDA:3,getDetailTeam
FNDA:2,createTeam
DA:1,3
DA:2,3
DA:6,3
DA:7,3
DA:8,3
DA:11,3
DA:12,3
DA:16,2
DA:17,2
DA:20,3
LF:10
LH:10
BRDA:11,0,0,1
BRDA:11,0,1,2
BRF:2
BRH:2
end_of_record
TN:
SF:test/player/mock.data.js
FNF:0
FNH:0
DA:1,2
LF:1
LH:1
BRF:0
BRH:0
end_of_record
TN:
SF:test/team/mock.data.js
FNF:0
FNH:0
DA:1,1
DA:6,1
LF:2
LH:2
BRF:0
BRH:0
end_of_record
